Executing Command: dotnet "--version"
8.0.100
Executing Command: dotnet "build" "D:\fsx\ConsoleApps\ConsoleApp\ConsoleApp.csproj" "--configuration" "Debug" "--no-dependencies" "--verbosity" "minimal"
MSBuild version 17.8.3+195e7f5a3 for .NET
  Determining projects to restore...
  Restored D:\fsx\ConsoleApps\ConsoleApp\ConsoleApp.csproj (in 348 ms).
D:\fsx\dist\intermediates\ConsoleApps\ConsoleApp\obj\net8.0\.NETCoreApp,Version=v8.0.AssemblyAttributes.cs(4,12): error CS0579: Duplicate 'global::System.Runtime.Versioning.TargetFrameworkAttribute' attribute [D:\fsx\ConsoleApps\ConsoleApp\ConsoleApp.csproj]
D:\fsx\dist\intermediates\ConsoleApps\ConsoleApp\obj\net8.0\ConsoleApp.AssemblyInfo.cs(13,12): error CS0579: Duplicate 'System.Reflection.AssemblyCompanyAttribute' attribute [D:\fsx\ConsoleApps\ConsoleApp\ConsoleApp.csproj]
D:\fsx\dist\intermediates\ConsoleApps\ConsoleApp\obj\net8.0\ConsoleApp.AssemblyInfo.cs(14,12): error CS0579: Duplicate 'System.Reflection.AssemblyConfigurationAttribute' attribute [D:\fsx\ConsoleApps\ConsoleApp\ConsoleApp.csproj]
D:\fsx\dist\intermediates\ConsoleApps\ConsoleApp\obj\net8.0\ConsoleApp.AssemblyInfo.cs(15,12): error CS0579: Duplicate 'System.Reflection.AssemblyFileVersionAttribute' attribute [D:\fsx\ConsoleApps\ConsoleApp\ConsoleApp.csproj]
D:\fsx\dist\intermediates\ConsoleApps\ConsoleApp\obj\net8.0\ConsoleApp.AssemblyInfo.cs(16,12): error CS0579: Duplicate 'System.Reflection.AssemblyInformationalVersionAttribute' attribute [D:\fsx\ConsoleApps\ConsoleApp\ConsoleApp.csproj]
D:\fsx\dist\intermediates\ConsoleApps\ConsoleApp\obj\net8.0\ConsoleApp.AssemblyInfo.cs(17,12): error CS0579: Duplicate 'System.Reflection.AssemblyProductAttribute' attribute [D:\fsx\ConsoleApps\ConsoleApp\ConsoleApp.csproj]
D:\fsx\dist\intermediates\ConsoleApps\ConsoleApp\obj\net8.0\ConsoleApp.AssemblyInfo.cs(18,12): error CS0579: Duplicate 'System.Reflection.AssemblyTitleAttribute' attribute [D:\fsx\ConsoleApps\ConsoleApp\ConsoleApp.csproj]
D:\fsx\dist\intermediates\ConsoleApps\ConsoleApp\obj\net8.0\ConsoleApp.AssemblyInfo.cs(19,12): error CS0579: Duplicate 'System.Reflection.AssemblyVersionAttribute' attribute [D:\fsx\ConsoleApps\ConsoleApp\ConsoleApp.csproj]

Build FAILED.

D:\fsx\dist\intermediates\ConsoleApps\ConsoleApp\obj\net8.0\.NETCoreApp,Version=v8.0.AssemblyAttributes.cs(4,12): error CS0579: Duplicate 'global::System.Runtime.Versioning.TargetFrameworkAttribute' attribute [D:\fsx\ConsoleApps\ConsoleApp\ConsoleApp.csproj]
D:\fsx\dist\intermediates\ConsoleApps\ConsoleApp\obj\net8.0\ConsoleApp.AssemblyInfo.cs(13,12): error CS0579: Duplicate 'System.Reflection.AssemblyCompanyAttribute' attribute [D:\fsx\ConsoleApps\ConsoleApp\ConsoleApp.csproj]
D:\fsx\dist\intermediates\ConsoleApps\ConsoleApp\obj\net8.0\ConsoleApp.AssemblyInfo.cs(14,12): error CS0579: Duplicate 'System.Reflection.AssemblyConfigurationAttribute' attribute [D:\fsx\ConsoleApps\ConsoleApp\ConsoleApp.csproj]
D:\fsx\dist\intermediates\ConsoleApps\ConsoleApp\obj\net8.0\ConsoleApp.AssemblyInfo.cs(15,12): error CS0579: Duplicate 'System.Reflection.AssemblyFileVersionAttribute' attribute [D:\fsx\ConsoleApps\ConsoleApp\ConsoleApp.csproj]
D:\fsx\dist\intermediates\ConsoleApps\ConsoleApp\obj\net8.0\ConsoleApp.AssemblyInfo.cs(16,12): error CS0579: Duplicate 'System.Reflection.AssemblyInformationalVersionAttribute' attribute [D:\fsx\ConsoleApps\ConsoleApp\ConsoleApp.csproj]
D:\fsx\dist\intermediates\ConsoleApps\ConsoleApp\obj\net8.0\ConsoleApp.AssemblyInfo.cs(17,12): error CS0579: Duplicate 'System.Reflection.AssemblyProductAttribute' attribute [D:\fsx\ConsoleApps\ConsoleApp\ConsoleApp.csproj]
D:\fsx\dist\intermediates\ConsoleApps\ConsoleApp\obj\net8.0\ConsoleApp.AssemblyInfo.cs(18,12): error CS0579: Duplicate 'System.Reflection.AssemblyTitleAttribute' attribute [D:\fsx\ConsoleApps\ConsoleApp\ConsoleApp.csproj]
D:\fsx\dist\intermediates\ConsoleApps\ConsoleApp\obj\net8.0\ConsoleApp.AssemblyInfo.cs(19,12): error CS0579: Duplicate 'System.Reflection.AssemblyVersionAttribute' attribute [D:\fsx\ConsoleApps\ConsoleApp\ConsoleApp.csproj]
    0 Warning(s)
    8 Error(s)

Time Elapsed 00:00:03.19

 [31m>[39m [0m[7m[1m[31m NX [39m[22m[27m[0m  [31mdotnet execution returned status code 1[39m

   Pass --verbose to see the stacktrace.

